SF:lib\src\core\services\dio_http_client_impl.dart
DA:16,1
DA:22,0
DA:27,0
DA:32,0
DA:33,0
DA:34,0
DA:36,0
DA:39,0
DA:40,0
DA:41,0
DA:42,0
DA:44,0
DA:45,0
DA:47,0
DA:50,1
DA:55,3
DA:60,3
DA:61,3
DA:62,4
DA:64,4
DA:67,2
DA:68,1
DA:69,1
DA:71,0
DA:72,0
DA:74,1
DA:77,0
DA:82,0
DA:87,0
DA:88,0
DA:89,0
DA:91,0
DA:94,0
DA:95,0
DA:96,0
DA:97,0
DA:99,0
DA:100,0
DA:102,0
DA:105,0
DA:107,0
DA:109,0
DA:110,0
DA:112,0
DA:115,0
DA:116,0
DA:119,0
DA:120,0
DA:121,0
DA:122,0
DA:125,0
DA:126,0
DA:130,0
DA:131,0
DA:136,0
LF:55
LH:11
end_of_record
SF:lib\src\core\services\requests\product_request.dart
DA:4,1
DA:5,1
DA:7,1
LF:3
LH:3
end_of_record
SF:lib\src\core\services\requests\products_request.dart
DA:4,1
DA:5,1
DA:7,1
LF:3
LH:3
end_of_record
SF:lib\src\features\products\data\products_repositoyy_impl.dart
DA:10,1
DA:14,1
DA:16,1
DA:18,2
DA:21,1
DA:22,1
DA:23,2
DA:28,1
DA:30,1
DA:32,2
DA:36,1
LF:11
LH:11
end_of_record
SF:lib\src\core\services\requests\application_request.dart
DA:7,1
LF:1
LH:1
end_of_record
SF:lib\src\core\services\application_http_exception.dart
DA:10,0
DA:17,0
DA:18,0
DA:22,0
DA:26,0
DA:32,0
DA:35,0
DA:41,0
DA:44,0
DA:50,0
DA:53,0
LF:11
LH:0
end_of_record
SF:lib\src\features\products\domain\models\product_model.dart
DA:30,2
DA:40,4
DA:42,2
DA:44,1
DA:45,8
LF:5
LH:5
end_of_record
SF:lib\src\features\products\domain\models\product_model.g.dart
DA:9,4
DA:10,2
DA:11,2
DA:12,4
DA:13,2
DA:14,2
DA:15,2
DA:16,4
DA:19,1
DA:20,1
DA:21,1
DA:22,1
DA:23,1
DA:24,1
DA:25,1
DA:26,1
DA:27,1
LF:17
LH:17
end_of_record
SF:lib\src\features\products\domain\models\rating_model.dart
DA:14,5
DA:19,6
DA:21,2
DA:23,1
DA:24,3
LF:5
LH:5
end_of_record
SF:lib\src\features\products\domain\models\rating_model.g.dart
DA:9,6
DA:10,6
DA:11,3
DA:14,1
DA:15,1
DA:16,1
DA:17,1
LF:7
LH:7
end_of_record
